[debug] [2022-05-28T17:18:19.910Z] ----------------------------------------------------------------------
[debug] [2022-05-28T17:18:19.913Z] Command:       C:\Program Files\nodejs\node.exe C:\Users\awais\AppData\Roaming\npm\node_modules\firebase-tools\lib\bin\firebase.js init
[debug] [2022-05-28T17:18:19.914Z] CLI Version:   11.0.1
[debug] [2022-05-28T17:18:19.914Z] Platform:      win32
[debug] [2022-05-28T17:18:19.914Z] Node Version:  v16.15.0
[debug] [2022-05-28T17:18:19.916Z] Time:          Sat May 28 2022 22:18:19 GMT+0500 (Pakistan Standard Time)
[debug] [2022-05-28T17:18:19.916Z] ----------------------------------------------------------------------
[debug] 
[debug] [2022-05-28T17:18:19.930Z] > command requires scopes: ["email","openid","https://www.googleapis.com/auth/cloudplatformprojects.readonly","https://www.googleapis.com/auth/firebase","https://www.googleapis.com/auth/cloud-platform"]
[debug] [2022-05-28T17:18:19.931Z] > authorizing via signed-in user (mawaisiq@gmail.com)
[info] 
     ######## #### ########  ######## ########     ###     ######  ########
     ##        ##  ##     ## ##       ##     ##  ##   ##  ##       ##
     ######    ##  ########  ######   ########  #########  ######  ######
     ##        ##  ##    ##  ##       ##     ## ##     ##       ## ##
     ##       #### ##     ## ######## ########  ##     ##  ######  ########

You're about to initialize a Firebase project in this directory:

  C:\Users\awais\Documents\GitHub\class06

[info] 
=== Project Setup
[info] 
[info] First, let's associate this project directory with a Firebase project.
[info] You can create multiple project aliases by running firebase use --add, 
[info] but for now we'll just set up a default project.
[info] 
[info] i  If you want to create a project in a Google Cloud organization or folder, please use "firebase projects:create" instead, and return to this command when you've created the project. 
